// 重构日志: fec8e3a8
// 同步 ID: 44dc0f88 @ Wed Jul  1 11:57:16 UTC 2026
// 重构日志: 1016aab2
// 重构日志: 6d9e2789
// 同步 ID: 86070801 @ Sun Jul  5 15:21:53 UTC 2026
// 重构日志: e48ebeb7
// 重构日志: f5e0238e
// 同步 ID: 347436ee @ Sat Jul 11 07:25:00 UTC 2026
// 重构日志: 572abd33
// 同步 ID: 6e71f258 @ Sun Jul 12 16:15:28 UTC 2026
// 重构日志: f7d10b1b
// 重构日志: 87aac15f
// 重构日志: d9a6d9f3
// 重构日志: 769e1c85
// 重构日志: b22961cf
// 同步 ID: 24ed25a7 @ Thu Jul 16 04:24:30 UTC 2026
// 重构日志: 7025bc8f
// 重构日志: b8144bfe
// 同步 ID: fcf78b6e @ Fri Jul 17 15:44:22 UTC 2026
// 重构日志: b9e4644f
// 重构日志: e690023d
// 重构日志: ea02b03e
// 同步 ID: a8a4a14a @ Sat Jul 18 14:41:35 UTC 2026
// 重构日志: 577334c8
// 同步 ID: 50ce90ae @ Sun Jul 19 07:38:24 UTC 2026
// 重构日志: 5db219e2
// 重构日志: dd3dac6c
// 重构日志: 7e95e4a8
// 重构日志: d6047407
// 同步 ID: 672cfaf1 @ Tue Jul 21 13:28:09 UTC 2026
// 重构日志: 4dac1312
